<?xml version="1.0" encoding="UTF-8"?>
<testsuites>
  <testsuite name="/home/haizim/me/project/ai-web/phpunit.xml" tests="67" assertions="124" errors="12" failures="2" skipped="0" time="23.608757">
    <testsuite name="Unit" tests="10" assertions="19" errors="0" failures="0" skipped="0" time="2.940656">
      <testsuite name="Tests\Unit\ExampleTest" file="tests/Unit/ExampleTest.php" tests="1" assertions="1" errors="0" failures="0" skipped="0" time="0.004553">
        <testcase name="that true is true" file="tests/Unit/ExampleTest.php::that true is true" class="Tests\Unit\ExampleTest" classname="Tests.Unit.ExampleTest" assertions="1" time="0.004553"/>
      </testsuite>
      <testsuite name="Tests\Unit\Models\StyleTest" file="tests/Unit/Models/StyleTest.php" tests="4" assertions="9" errors="0" failures="0" skipped="0" time="1.440369">
        <testcase name="it has correct fillable attributes" file="tests/Unit/Models/StyleTest.php::it has correct fillable attributes" class="Tests\Unit\Models\StyleTest" classname="Tests.Unit.Models.StyleTest" assertions="3" time="0.537095"/>
        <testcase name="it uses soft deletes" file="tests/Unit/Models/StyleTest.php::it uses soft deletes" class="Tests\Unit\Models\StyleTest" classname="Tests.Unit.Models.StyleTest" assertions="1" time="0.298493"/>
        <testcase name="it uses auto filter, search, and sort traits" file="tests/Unit/Models/StyleTest.php::it uses auto filter, search, and sort traits" class="Tests\Unit\Models\StyleTest" classname="Tests.Unit.Models.StyleTest" assertions="3" time="0.297828"/>
        <testcase name="it belongs to user" file="tests/Unit/Models/StyleTest.php::it belongs to user" class="Tests\Unit\Models\StyleTest" classname="Tests.Unit.Models.StyleTest" assertions="2" time="0.306952"/>
      </testsuite>
      <testsuite name="Tests\Unit\Services\StyleServiceTest" file="tests/Unit/Services/StyleServiceTest.php" tests="5" assertions="9" errors="0" failures="0" skipped="0" time="1.495735">
        <testcase name="it can save a style" file="tests/Unit/Services/StyleServiceTest.php::it can save a style" class="Tests\Unit\Services\StyleServiceTest" classname="Tests.Unit.Services.StyleServiceTest" assertions="4" time="0.297069"/>
        <testcase name="it can get a style by id" file="tests/Unit/Services/StyleServiceTest.php::it can get a style by id" class="Tests\Unit\Services\StyleServiceTest" classname="Tests.Unit.Services.StyleServiceTest" assertions="1" time="0.301371"/>
        <testcase name="it cannot get style belonging to another user" file="tests/Unit/Services/StyleServiceTest.php::it cannot get style belonging to another user" class="Tests\Unit\Services\StyleServiceTest" classname="Tests.Unit.Services.StyleServiceTest" assertions="1" time="0.297279"/>
        <testcase name="it can update a style" file="tests/Unit/Services/StyleServiceTest.php::it can update a style" class="Tests\Unit\Services\StyleServiceTest" classname="Tests.Unit.Services.StyleServiceTest" assertions="2" time="0.300276"/>
        <testcase name="it can delete a style" file="tests/Unit/Services/StyleServiceTest.php::it can delete a style" class="Tests\Unit\Services\StyleServiceTest" classname="Tests.Unit.Services.StyleServiceTest" assertions="1" time="0.299740"/>
      </testsuite>
    </testsuite>
    <testsuite name="Feature" tests="57" assertions="105" errors="12" failures="2" skipped="0" time="20.668101">
      <testsuite name="Tests\Feature\Auth\ApiRateLimiterTest" file="Api Rate Limiter (Tests\Feature\Auth\ApiRateLimiter)" tests="1" assertions="1" errors="0" failures="0" skipped="0" time="0.296006">
        <testcase name="It has api rate limiter" file="Api Rate Limiter (Tests\Feature\Auth\ApiRateLimiter)::It has api rate limiter" class="Tests\Feature\Auth\ApiRateLimiterTest" classname="Tests.Feature.Auth.ApiRateLimiterTest" assertions="1" time="0.296006"/>
      </testsuite>
      <testsuite name="Tests\Feature\Auth\ForgotPasswordTest" file="Forgot Password (Tests\Feature\Auth\ForgotPassword)" tests="7" assertions="16" errors="0" failures="1" skipped="0" time="2.224649">
        <testcase name="It can get forgot password page" file="Forgot Password (Tests\Feature\Auth\ForgotPassword)::It can get forgot password page" class="Tests\Feature\Auth\ForgotPasswordTest" classname="Tests.Feature.Auth.ForgotPasswordTest" assertions="2" time="0.330705"/>
        <testcase name="It can handle correct email" file="Forgot Password (Tests\Feature\Auth\ForgotPassword)::It can handle correct email" class="Tests\Feature\Auth\ForgotPasswordTest" classname="Tests.Feature.Auth.ForgotPasswordTest" assertions="3" time="0.322767"/>
        <testcase name="It can handle wrong email" file="Forgot Password (Tests\Feature\Auth\ForgotPassword)::It can handle wrong email" class="Tests\Feature\Auth\ForgotPasswordTest" classname="Tests.Feature.Auth.ForgotPasswordTest" assertions="4" time="0.321019"/>
        <testcase name="It has errors if failed" file="Forgot Password (Tests\Feature\Auth\ForgotPassword)::It has errors if failed" class="Tests\Feature\Auth\ForgotPasswordTest" classname="Tests.Feature.Auth.ForgotPasswordTest" assertions="1" time="0.308056"/>
        <testcase name="It can handle send email failure" file="Forgot Password (Tests\Feature\Auth\ForgotPassword)::It can handle send email failure" class="Tests\Feature\Auth\ForgotPasswordTest" classname="Tests.Feature.Auth.ForgotPasswordTest" assertions="4" time="0.315996"/>
        <testcase name="It has register link" file="Forgot Password (Tests\Feature\Auth\ForgotPassword)::It has register link" class="Tests\Feature\Auth\ForgotPasswordTest" classname="Tests.Feature.Auth.ForgotPasswordTest" assertions="1" time="0.315036">
          <failure type="PHPUnit\Framework\ExpectationFailedException">It has register linkFailed asserting that '\n
\n
\n
     | AI Web\n
\n
    \n
    \n
    \n
    \n
    \n
\n
    \n
    \n
\n
\n
\n
    :root {\n
        --app-accent-color: var(--black);\n
        --app-login-background: url('http://ai-web.test/laravolt/img/wallpaper/animated-svg/dark.svg');\n
    }\n
\n
\n
\n
\n
.sidebar__menu &gt; .ui.attached.menu:not(.tabular):not(.text) {border: unset}.panel.x-suitable .ui.bottom.attached.menu .item {border-width: 1px;border-color: #8090a0}\n
    [wire\:loading][wire\:loading], [wire\:loading\.delay][wire\:loading\.delay], [wire\:loading\.inline-block][wire\:loading\.inline-block], [wire\:loading\.inline][wire\:loading\.inline], [wire\:loading\.block][wire\:loading\.block], [wire\:loading\.flex][wire\:loading\.flex], [wire\:loading\.table][wire\:loading\.table], [wire\:loading\.grid][wire\:loading\.grid], [wire\:loading\.inline-flex][wire\:loading\.inline-flex] {display: none;}[wire\:loading\.delay\.none][wire\:loading\.delay\.none], [wire\:loading\.delay\.shortest][wire\:loading\.delay\.shortest], [wire\:loading\.delay\.shorter][wire\:loading\.delay\.shorter], [wire\:loading\.delay\.short][wire\:loading\.delay\.short], [wire\:loading\.delay\.default][wire\:loading\.delay\.default], [wire\:loading\.delay\.long][wire\:loading\.delay\.long], [wire\:loading\.delay\.longer][wire\:loading\.delay\.longer], [wire\:loading\.delay\.longest][wire\:loading\.delay\.longest] {display: none;}[wire\:offline][wire\:offline] {display: none;}[wire\:dirty]:not(textarea):not(input):not(select) {display: none;}:root {--livewire-progress-bar-color: #2299dd;}[x-cloak] {display: none !important;}[wire\:cloak] {display: none !important;}\n
\n
        \n
    \n
\n
\n
\n
\n
\n
\n
\n
\n
    \n
        \n
            \n
                \n
                    \n
                        “ Simplicity is the essence of happiness. ”\n
  — Cedric Bledsoe\n
\n
                    \n
                \n
            \n
\n
\n
            \n
                \n
                    \n
                        \n
                       \n
    \n
                    \n
\n
                    Forgot password\n
\n
    \n
    Email\n
\n
    \n
        \n
        Send Reset Password Link\n
\n
    \n
\n
        \n
                    \n
                \n
            \n
        \n
    \n
\n
    \n
\n
        \n
\n
&gt;\n
' [UTF-8](length: 2147) contains "Register Here" [ASCII](length: 13).
at vendor/laravel/framework/src/Illuminate/Testing/TestResponseAssert.php:45
at vendor/laravel/framework/src/Illuminate/Testing/TestResponse.php:746
at tests/Feature/Auth/ForgotPasswordTest.php:80</failure>
        </testcase>
        <testcase name="It does not have register link if registration disabled" file="Forgot Password (Tests\Feature\Auth\ForgotPassword)::It does not have register link if registration disabled" class="Tests\Feature\Auth\ForgotPasswordTest" classname="Tests.Feature.Auth.ForgotPasswordTest" assertions="1" time="0.311069"/>
      </testsuite>
      <testsuite name="Tests\Feature\Auth\LoginTest" file="Login (Tests\Feature\Auth\Login)" tests="9" assertions="16" errors="0" failures="1" skipped="0" time="4.556858">
        <testcase name="It can display login page" file="Login (Tests\Feature\Auth\Login)::It can display login page" class="Tests\Feature\Auth\LoginTest" classname="Tests.Feature.Auth.LoginTest" assertions="3" time="0.321512"/>
        <testcase name="It can handle correct login" file="Login (Tests\Feature\Auth\Login)::It can handle correct login" class="Tests\Feature\Auth\LoginTest" classname="Tests.Feature.Auth.LoginTest" assertions="3" time="0.348117"/>
        <testcase name="It can handle wrong login" file="Login (Tests\Feature\Auth\Login)::It can handle wrong login" class="Tests\Feature\Auth\LoginTest" classname="Tests.Feature.Auth.LoginTest" assertions="2" time="0.533108"/>
        <testcase name="Ensure password required" file="Login (Tests\Feature\Auth\Login)::Ensure password required" class="Tests\Feature\Auth\LoginTest" classname="Tests.Feature.Auth.LoginTest" assertions="2" time="0.301895"/>
        <testcase name="It has errors if failed" file="Login (Tests\Feature\Auth\Login)::It has errors if failed" class="Tests\Feature\Auth\LoginTest" classname="Tests.Feature.Auth.LoginTest" assertions="1" time="0.303277"/>
        <testcase name="It has register link" file="Login (Tests\Feature\Auth\Login)::It has register link" class="Tests\Feature\Auth\LoginTest" classname="Tests.Feature.Auth.LoginTest" assertions="1" time="0.675375">
          <failure type="PHPUnit\Framework\ExpectationFailedException">It has register linkFailed asserting that '\n
\n
\n
    \n
    \n
\n
    AI Web\n
\n
    \n
\n
    \n
\n
    .tippy-box[data-animation=fade][data-state=hidden]{opacity:0}[data-tippy-root]{max-width:calc(100vw - 10px)}.tippy-box{position:relative;background-color:#333;color:#fff;border-radius:4px;font-size:14px;line-height:1.4;white-space:normal;outline:0;transition-property:transform,visibility,opacity}.tippy-box[data-placement^=top]&gt;.tippy-arrow{bottom:0}.tippy-box[data-placement^=top]&gt;.tippy-arrow:before{bottom:-7px;left:0;border-width:8px 8px 0;border-top-color:initial;transform-origin:center top}.tippy-box[data-placement^=bottom]&gt;.tippy-arrow{top:0}.tippy-box[data-placement^=bottom]&gt;.tippy-arrow:before{top:-7px;left:0;border-width:0 8px 8px;border-bottom-color:initial;transform-origin:center bottom}.tippy-box[data-placement^=left]&gt;.tippy-arrow{right:0}.tippy-box[data-placement^=left]&gt;.tippy-arrow:before{border-width:8px 0 8px 8px;border-left-color:initial;right:-7px;transform-origin:center left}.tippy-box[data-placement^=right]&gt;.tippy-arrow{left:0}.tippy-box[data-placement^=right]&gt;.tippy-arrow:before{left:-7px;border-width:8px 8px 8px 0;border-right-color:initial;transform-origin:center right}.tippy-box[data-inertia][data-state=visible]{transition-timing-function:cubic-bezier(.54,1.5,.38,1.11)}.tippy-arrow{width:16px;height:16px;color:#333}.tippy-arrow:before{content:"";position:absolute;border-color:transparent;border-style:solid}.tippy-content{position:relative;padding:5px 9px;z-index:1}.tippy-box[data-theme~=material]{background-color:#505355;font-weight:600}.tippy-box[data-theme~=material][data-placement^=top]&gt;.tippy-arrow:before{border-top-color:#505355}.tippy-box[data-theme~=material][data-placement^=bottom]&gt;.tippy-arrow:before{border-bottom-color:#505355}.tippy-box[data-theme~=material][data-placement^=left]&gt;.tippy-arrow:before{border-left-color:#505355}.tippy-box[data-theme~=material][data-placement^=right]&gt;.tippy-arrow:before{border-right-color:#505355}.tippy-box[data-theme~=material]&gt;.tippy-backdrop{background-color:#505355}.tippy-box[data-theme~=material]&gt;.tippy-svg-arrow{fill:#505355}.tippy-box[data-animation=scale][data-placement^=top]{transform-origin:bottom}.tippy-box[data-animation=scale][data-placement^=bottom]{transform-origin:top}.tippy-box[data-animation=scale][data-placement^=left]{transform-origin:right}.tippy-box[data-animation=scale][data-placement^=right]{transform-origin:left}.tippy-box[data-animation=scale][data-state=hidden]{transform:scale(.5);opacity:0}*,:before,:after{box-sizing:border-box;border-width:0;border-style:solid;border-color:#e5e7eb}:before,:after{--tw-content: ""}html,:host{line-height:1.5;-webkit-text-size-adjust:100%;-moz-tab-size:4;-o-tab-size:4;tab-size:4;font-family:Figtree,ui-sans-serif,system-ui,sans-serif,"Apple Color Emoji","Segoe UI Emoji",Segoe UI Symbol,"Noto Color Emoji";font-feature-settings:normal;font-variation-settings:normal;-webkit-tap-highlight-color:transparent}body{margin:0;line-height:inherit}hr{height:0;color:inherit;border-top-width:1px}abbr:where([title]){-webkit-text-decoration:underline dotted;text-decoration:underline dotted}h1,h2,h3,h4,h5,h6{font-size:inherit;font-weight:inherit}a{color:inherit;text-decoration:inherit}b,strong{font-weight:bolder}code,kbd,samp,pre{font-family:ui-monospace,SFMono-Regular,Menlo,Monaco,Consolas,Liberation Mono,Courier New,monospace;font-feature-settings:normal;font-variation-settings:normal;font-size:1em}small{font-size:80%}sub,sup{font-size:75%;line-height:0;position:relative;vertical-align:baseline}sub{bottom:-.25em}sup{top:-.5em}table{text-indent:0;border-color:inherit;border-collapse:collapse}button,input,optgroup,select,textarea{font-family:inherit;font-feature-settings:inherit;font-variation-settings:inherit;font-size:100%;font-weight:inherit;line-height:inherit;letter-spacing:inherit;color:inherit;margin:0;padding:0}button,select{text-transform:none}button,input:where([type=button]),input:where([type=reset]),input:where([type=submit]){-webkit-appearance:button;background-color:transparent;background-image:none}:-moz-focusring{outline:auto}:-moz-ui-invalid{box-shadow:none}progress{vertical-align:baseline}::-webkit-inner-spin-button,::-webkit-outer-spin-button{height:auto}[type=search]{-webkit-appearance:textfield;outline-offset:-2px}::-webkit-search-decoration{-webkit-appearance:none}::-webkit-file-upload-button{-webkit-appearance:button;font:inherit}summary{display:list-item}blockquote,dl,dd,h1,h2,h3,h4,h5,h6,hr,figure,p,pre{margin:0}fieldset{margin:0;padding:0}legend{padding:0}ol,ul,menu{list-style:none;margin:0;padding:0}dialog{padding:0}textarea{resize:vertical}input::-moz-placeholder,textarea::-moz-placeholder{opacity:1;color:#9ca3af}input::placeholder,textarea::placeholder{opacity:1;color:#9ca3af}button,[role=button]{cursor:pointer}:disabled{cursor:default}img,svg,video,canvas,audio,iframe,embed,object{display:block;vertical-align:middle}img,video{max-width:100%;height:auto}[hidden]{display:none}*,:before,:after{--tw-border-spacing-x:0;--tw-border-spacing-y:0;--tw-translate-x:0;--tw-translate-y:0;--tw-rotate:0;--tw-skew-x:0;--tw-skew-y:0;--tw-scale-x:1;--tw-scale-y:1;--tw-pan-x: ;--tw-pan-y: ;--tw-pinch-zoom: ;--tw-scroll-snap-strictness:proximity;--tw-gradient-from-position: ;--tw-gradient-via-position: ;--tw-gradient-to-position: ;--tw-ordinal: ;--tw-slashed-zero: ;--tw-numeric-figure: ;--tw-numeric-spacing: ;--tw-numeric-fraction: ;--tw-ring-inset: ;--tw-ring-offset-width:0px;--tw-ring-offset-color:#fff;--tw-ring-color:rgb(59 130 246 / .5);--tw-ring-offset-shadow:0 0 #0000;--tw-ring-shadow:0 0 #0000;--tw-shadow:0 0 #0000;--tw-shadow-colored:0 0 #0000;--tw-blur: ;--tw-brightness: ;--tw-contrast: ;--tw-grayscale: ;--tw-hue-rotate: ;--tw-invert: ;--tw-saturate: ;--tw-sepia: ;--tw-drop-shadow: ;--tw-backdrop-blur: ;--tw-backdrop-brightness: ;--tw-backdrop-contrast: ;--tw-backdrop-grayscale: ;--tw-backdrop-hue-rotate: ;--tw-backdrop-invert: ;--tw-backdrop-opacity: ;--tw-backdrop-saturate: ;--tw-backdrop-sepia: ;--tw-contain-size: ;--tw-contain-layout: ;--tw-contain-paint: ;--tw-contain-style: }::backdrop{--tw-border-spacing-x:0;--tw-border-spacing-y:0;--tw-translate-x:0;--tw-translate-y:0;--tw-rotate:0;--tw-skew-x:0;--tw-skew-y:0;--tw-scale-x:1;--tw-scale-y:1;--tw-pan-x: ;--tw-pan-y: ;--tw-pinch-zoom: ;--tw-scroll-snap-strictness:proximity;--tw-gradient-from-position: ;--tw-gradient-via-position: ;--tw-gradient-to-position: ;--tw-ordinal: ;--tw-slashed-zero: ;--tw-numeric-figure: ;--tw-numeric-spacing: ;--tw-numeric-fraction: ;--tw-ring-inset: ;--tw-ring-offset-width:0px;--tw-ring-offset-color:#fff;--tw-ring-color:rgb(59 130 246 / .5);--tw-ring-offset-shadow:0 0 #0000;--tw-ring-shadow:0 0 #0000;--tw-shadow:0 0 #0000;--tw-shadow-colored:0 0 #0000;--tw-blur: ;--tw-brightness: ;--tw-contrast: ;--tw-grayscale: ;--tw-hue-rotate: ;--tw-invert: ;--tw-saturate: ;--tw-sepia: ;--tw-drop-shadow: ;--tw-backdrop-blur: ;--tw-backdrop-brightness: ;--tw-backdrop-contrast: ;--tw-backdrop-grayscale: ;--tw-backdrop-hue-rotate: ;--tw-backdrop-invert: ;--tw-backdrop-opacity: ;--tw-backdrop-saturate: ;--tw-backdrop-sepia: ;--tw-contain-size: ;--tw-contain-layout: ;--tw-contain-paint: ;--tw-contain-style: }.container{width:100%}@media (min-width: 640px){.container{max-width:640px}}@media (min-width: 768px){.container{max-width:768px}}@media (min-width: 1024px){.container{max-width:1024px}}@media (min-width: 1280px){.container{max-width:1280px}}@media (min-width: 1536px){.container{max-width:1536px}}.absolute{position:absolute}.relative{position:relative}.right-0{right:0}.z-10{z-index:10}.mx-5{margin-left:1.25rem;margin-right:1.25rem}.mx-auto{margin-left:auto;margin-right:auto}.my-3{margin-top:.75rem;margin-bottom:.75rem}.-mt-2{margin-top:-.5rem}.mb-12{margin-bottom:3rem}.mb-2{margin-bottom:.5rem}.mb-3{margin-bottom:.75rem}.ml-1{margin-left:.25rem}.ml-3{margin-left:.75rem}.mt-1{margin-top:.25rem}.mt-2{margin-top:.5rem}.mt-3{margin-top:.75rem}.mt-4{margin-top:1rem}.mt-6{margin-top:1.5rem}.block{display:block}.inline-block{display:inline-block}.flex{display:flex}.inline-flex{display:inline-flex}.table{display:table}.grid{display:grid}.hidden{display:none}.h-4{height:1rem}.h-5{height:1.25rem}.h-6{height:1.5rem}.h-\[32\.5rem\]{height:32.5rem}.h-\[35\.5rem\]{height:35.5rem}.max-h-32{max-height:8rem}.w-4{width:1rem}.w-5{width:1.25rem}.w-6{width:1.5rem}.w-\[8rem\]{width:8rem}.w-full{width:100%}.min-w-0{min-width:0px}.max-w-full{max-width:100%}.flex-none{flex:none}.shrink-0{flex-shrink:0}.flex-grow{flex-grow:1}.origin-top-right{transform-origin:top right}.cursor-pointer{cursor:pointer}.grid-cols-1{grid-template-columns:repeat(1,minmax(0,1fr))}.flex-col{flex-direction:column}.items-center{align-items:center}.items-baseline{align-items:baseline}.justify-between{justify-content:space-between}.gap-2{gap:.5rem}.gap-3{gap:.75rem}.gap-6{gap:1.5rem}.space-y-2&gt;:not([hidden])~:not([hidden]){--tw-space-y-reverse:0;margin-top:calc(.5rem * calc(1 - var(--tw-space-y-reverse)));margin-bottom:calc(.5rem * var(--tw-space-y-reverse))}.overflow-x-auto{overflow-x:auto}.overflow-y-hidden{overflow-y:hidden}.overflow-x-scroll{overflow-x:scroll}.truncate{overflow:hidden;text-overflow:ellipsis;white-space:nowrap}.break-words{overflow-wrap:break-word}.rounded{border-radius:.25rem}.rounded-full{border-radius:9999px}.rounded-lg{border-radius:.5rem}.rounded-md{border-radius:.375rem}.rounded-r-md{border-top-right-radius:.375rem;border-bottom-right-radius:.375rem}.border{border-width:1px}.border-l{border-left-width:1px}.border-l-2{border-left-width:2px}.border-r{border-right-width:1px}.border-t{border-top-width:1px}.border-transparent{border-color:transparent}.border-l-red-500{--tw-border-opacity:1;border-left-color:rgb(239 68 68 / var(--tw-border-opacity))}.bg-gray-100{--tw-bg-opacity:1;background-color:rgb(243 244 246 / var(--tw-bg-opacity))}.bg-gray-200{--tw-bg-opacity:1;background-color:rgb(229 231 235 / var(--tw-bg-opacity))}.bg-gray-200\/80{background-color:#e5e7ebcc}.bg-red-500\/20{background-color:#ef444433}.bg-white{--tw-bg-opacity:1;background-color:rgb(255 255 255 / var(--tw-bg-opacity))}.fill-red-500{fill:#ef4444}.p-1{padding:.25rem}.p-2{padding:.5rem}.p-4{padding:1rem}.p-6{padding:1.5rem}.px-3{padding-left:.75rem;padding-right:.75rem}.px-4{padding-left:1rem;padding-right:1rem}.px-5{padding-left:1.25rem;padding-right:1.25rem}.px-6{padding-left:1.5rem;padding-right:1.5rem}.py-2{padding-top:.5rem;padding-bottom:.5rem}.py-3{padding-top:.75rem;padding-bottom:.75rem}.pb-12{padding-bottom:3rem}.pt-4{padding-top:1rem}.pt-6{padding-top:1.5rem}.text-left{text-align:left}.text-right{text-align:right}.font-mono{font-family:ui-monospace,SFMono-Regular,Menlo,Monaco,Consolas,Liberation Mono,Courier New,monospace}.font-sans{font-family:Figtree,ui-sans-serif,system-ui,sans-serif,"Apple Color Emoji","Segoe UI Emoji",Segoe UI Symbol,"Noto Color Emoji"}.text-2xl{font-size:1.5rem;line-height:2rem}.text-lg{font-size:1.125rem;line-height:1.75rem}.text-sm{font-size:.875rem;line-height:1.25rem}.text-xl{font-size:1.25rem;line-height:1.75rem}.text-xs{font-size:.75rem;line-height:1rem}.font-bold{font-weight:700}.font-semibold{font-weight:600}.leading-5{line-height:1.25rem}.text-blue-500{--tw-text-opacity:1;color:rgb(59 130 246 / var(--tw-text-opacity))}.text-gray-400{--tw-text-opacity:1;color:rgb(156 163 175 / var(--tw-text-opacity))}.text-gray-50{--tw-text-opacity:1;color:rgb(249 250 251 / var(--tw-text-opacity))}.text-gray-500{--tw-text-opacity:1;color:rgb(107 114 128 / var(--tw-text-opacity))}.text-gray-700{--tw-text-opacity:1;color:rgb(55 65 81 / var(--tw-text-opacity))}.text-gray-900{--tw-text-opacity:1;color:rgb(17 24 39 / var(--tw-text-opacity))}.text-red-500{--tw-text-opacity:1;color:rgb(239 68 68 / var(--tw-text-opacity))}.antialiased{-webkit-font-smoothing:antialiased;-moz-osx-font-smoothing:grayscale}.shadow-xl{--tw-shadow:0 20px 25px -5px rgb(0 0 0 / .1), 0 8px 10px -6px rgb(0 0 0 / .1);--tw-shadow-colored:0 20px 25px -5px var(--tw-shadow-color), 0 8px 10px -6px var(--tw-shadow-color);box-shadow:var(--tw-ring-offset-shadow, 0 0 #0000),var(--tw-ring-shadow, 0 0 #0000),var(--tw-shadow)}.ring-1{--tw-ring-offset-shadow:var(--tw-ring-inset) 0 0 0 var(--tw-ring-offset-width) var(--tw-ring-offset-color);--tw-ring-shadow:var(--tw-ring-inset) 0 0 0 calc(1px + var(--tw-ring-offset-width)) var(--tw-ring-color);box-shadow:var(--tw-ring-offset-shadow),var(--tw-ring-shadow),var(--tw-shadow, 0 0 #0000)}.ring-gray-900\/5{--tw-ring-color:rgb(17 24 39 / .05)}[x-cloak]{display:none}html{-moz-tab-size:4;-o-tab-size:4;tab-size:4}table.hljs-ln{color:inherit;font-size:inherit;border-spacing:2px}pre code.hljs{background:none;padding:.5em 0 0;width:100%}.hljs-ln-line{white-space-collapse:preserve;text-wrap:nowrap}.trace{-webkit-mask-image:linear-gradient(180deg,#000 calc(100% - 4rem),transparent)}.scrollbar-hidden{-ms-overflow-style:none;scrollbar-width:none;overflow-x:scroll}.scrollbar-hidden::-webkit-scrollbar{-webkit-appearance:none;width:0;height:0}.hljs-ln .hljs-ln-numbers{padding:5px;border-right-color:transparent;margin-right:5px}.hljs-ln-n{width:50px}.hljs-ln-numbers{-webkit-touch-callout:none;-webkit-user-select:none;-moz-user-select:none;user-select:none;text-align:center;border-right:1px solid #ccc;vertical-align:top;padding-right:5px}.hljs-ln-code{width:100%;padding-left:10px;padding-right:10px}.hljs-ln-code:hover{background-color:#ef444433}.default\:col-span-full:default{grid-column:1 / -1}.default\:row-span-1:default{grid-row:span 1 / span 1}.hover\:rounded-b-md:hover{border-bottom-right-radius:.375rem;border-bottom-left-radius:.375rem}.hover\:rounded-t-md:hover{border-top-left-radius:.375rem;border-top-right-radius:.375rem}.hover\:bg-gray-100:hover{--tw-bg-opacity:1;background-color:rgb(243 244 246 / var(--tw-bg-opacity))}.hover\:bg-gray-100\/75:hover{background-color:#f3f4f6bf}.hover\:text-gray-500:hover{--tw-text-opacity:1;color:rgb(107 114 128 / var(--tw-text-opacity))}.hover\:underline:hover{text-decoration-line:underline}.focus\:text-gray-500:focus{--tw-text-opacity:1;color:rgb(107 114 128 / var(--tw-text-opacity))}.dark\:block:is(.dark *){display:block}.dark\:hidden:is(.dark *){display:none}.dark\:border:is(.dark *){border-width:1px}.dark\:border-gray-700:is(.dark *){--tw-border-opacity:1;border-color:rgb(55 65 81 / var(--tw-border-opacity))}.dark\:border-gray-800:is(.dark *){--tw-border-opacity:1;border-color:rgb(31 41 55 / var(--tw-border-opacity))}.dark\:border-gray-900:is(.dark *){--tw-border-opacity:1;border-color:rgb(17 24 39 / var(--tw-border-opacity))}.dark\:border-l-red-500:is(.dark *){--tw-border-opacity:1;border-left-color:rgb(239 68 68 / var(--tw-border-opacity))}.dark\:bg-gray-800:is(.dark *){--tw-bg-opacity:1;background-color:rgb(31 41 55 / var(--tw-bg-opacity))}.dark\:bg-gray-900\/80:is(.dark *){background-color:#111827cc}.dark\:bg-gray-950\/95:is(.dark *){background-color:#030712f2}.dark\:bg-red-500\/20:is(.dark *){background-color:#ef444433}.dark\:text-gray-100:is(.dark *){--tw-text-opacity:1;color:rgb(243 244 246 / var(--tw-text-opacity))}.dark\:text-gray-300:is(.dark *){--tw-text-opacity:1;color:rgb(209 213 219 / var(--tw-text-opacity))}.dark\:text-gray-400:is(.dark *){--tw-text-opacity:1;color:rgb(156 163 175 / var(--tw-text-opacity))}.dark\:text-gray-600:is(.dark *){--tw-text-opacity:1;color:rgb(75 85 99 / var(--tw-text-opacity))}.dark\:text-gray-950:is(.dark *){--tw-text-opacity:1;color:rgb(3 7 18 / var(--tw-text-opacity))}.dark\:text-white:is(.dark *){--tw-text-opacity:1;color:rgb(255 255 255 / var(--tw-text-opacity))}.dark\:ring-1:is(.dark *){--tw-ring-offset-shadow:var(--tw-ring-inset) 0 0 0 var(--tw-ring-offset-width) var(--tw-ring-offset-color);--tw-ring-shadow:var(--tw-ring-inset) 0 0 0 calc(1px + var(--tw-ring-offset-width)) var(--tw-ring-color);box-shadow:var(--tw-ring-offset-shadow),var(--tw-ring-shadow),var(--tw-shadow, 0 0 #0000)}.dark\:ring-gray-800:is(.dark *){--tw-ring-opacity:1;--tw-ring-color:rgb(31 41 55 / var(--tw-ring-opacity))}.dark\:hover\:bg-gray-700:hover:is(.dark *){--tw-bg-opacity:1;background-color:rgb(55 65 81 / var(--tw-bg-opacity))}.dark\:hover\:bg-gray-800:hover:is(.dark *){--tw-bg-opacity:1;background-color:rgb(31 41 55 / var(--tw-bg-opacity))}.dark\:hover\:bg-gray-800\/75:hover:is(.dark *){background-color:#1f2937bf}.dark\:hover\:text-gray-500:hover:is(.dark *){--tw-text-opacity:1;color:rgb(107 114 128 / var(--tw-text-opacity))}.dark\:focus\:text-gray-500:focus:is(.dark *){--tw-text-opacity:1;color:rgb(107 114 128 / var(--tw-text-opacity))}@media (min-width: 640px){.sm\:col-span-1{grid-column:span 1 / span 1}.sm\:col-span-2{grid-column:span 2 / span 2}.sm\:mt-10{margin-top:2.5rem}.sm\:gap-6{gap:1.5rem}.sm\:p-12{padding:3rem}.sm\:py-5{padding-top:1.25rem;padding-bottom:1.25rem}.sm\:text-3xl{font-size:1.875rem;line-height:2.25rem}}@media (min-width: 768px){.md\:block{display:block}.md\:inline{display:inline}.md\:flex{display:flex}.md\:hidden{display:none}.md\:min-w-64{min-width:16rem}.md\:max-w-80{max-width:20rem}.md\:items-center{align-items:center}.md\:justify-between{justify-content:space-between}.md\:gap-2{gap:.5rem}}@media (min-width: 1024px){.lg\:block{display:block}.lg\:inline-block{display:inline-block}.lg\:w-\[12rem\]{width:12rem}.lg\:grid-cols-3{grid-template-columns:repeat(3,minmax(0,1fr))}.lg\:px-8{padding-left:2rem;padding-right:2rem}.lg\:text-2xl{font-size:1.5rem;line-height:2rem}.lg\:text-base{font-size:1rem;line-height:1.5rem}.lg\:text-sm{font-size:.875rem;line-height:1.25rem}.default\:lg\:col-span-6:default{grid-column:span 6 / span 6}}\n
pre code.hljs{display:block;overflow-x:auto;padding:1em}code.hljs{padding:3px 5px}/*!\n
  Theme: GitHub\n
  Description: Light theme as seen on github.com\n
  Author: github.com\n
  Maintainer: @Hirse\n
  Updated: 2021-05-15\n
\n
  Outdated base version: https://github.com/primer/github-syntax-light\n
  Current colors taken from GitHub's CSS\n
*/.hljs{color:#24292e;background:#fff}.hljs-doctag,.hljs-keyword,.hljs-meta .hljs-keyword,.hljs-template-tag,.hljs-template-variable,.hljs-type,.hljs-variable.language_{color:#d73a49}.hljs-title,.hljs-title.class_,.hljs-title.class_.inherited__,.hljs-title.function_{color:#6f42c1}.hljs-attr,.hljs-attribute,.hljs-literal,.hljs-meta,.hljs-number,.hljs-operator,.hljs-selector-attr,.hljs-selector-class,.hljs-selector-id,.hljs-variable{color:#005cc5}.hljs-meta .hljs-string,.hljs-regexp,.hljs-string{color:#032f62}.hljs-built_in,.hljs-symbol{color:#e36209}.hljs-code,.hljs-comment,.hljs-formula{color:#6a737d}.hljs-name,.hljs-quote,.hljs-selector-pseudo,.hljs-selector-tag{color:#22863a}.hljs-subst{color:#24292e}.hljs-section{color:#005cc5;font-weight:700}.hljs-bullet{color:#735c0f}.hljs-emphasis{color:#24292e;font-style:italic}.hljs-strong{color:#24292e;font-weight:700}.hljs-addition{color:#22863a;background-color:#f0fff4}.hljs-deletion{color:#b31d28;background-color:#ffeef0}\n
pre code.hljs{display:block;overflow-x:auto;padding:1em}code.hljs{padding:3px 5px}.hljs{color:#abb2bf;background:#282c34}.hljs-comment,.hljs-quote{color:#5c6370;font-style:italic}.hljs-doctag,.hljs-formula,.hljs-keyword{color:#c678dd}.hljs-deletion,.hljs-name,.hljs-section,.hljs-selector-tag,.hljs-subst{color:#e06c75}.hljs-literal{color:#56b6c2}.hljs-addition,.hljs-attribute,.hljs-meta .hljs-string,.hljs-regexp,.hljs-string{color:#98c379}.hljs-attr,.hljs-number,.hljs-selector-attr,.hljs-selector-class,.hljs-selector-pseudo,.hljs-template-variable,.hljs-type,.hljs-variable{color:#d19a66}.hljs-bullet,.hljs-link,.hljs-meta,.hljs-selector-id,.hljs-symbol,.hljs-title{color:#61aeee}.hljs-built_in,.hljs-class .hljs-title,.hljs-title.class_{color:#e6c07b}.hljs-emphasis{font-style:italic}.hljs-strong{font-weight:700}.hljs-link{text-decoration:underline}\n
\n
\n
    \n
                    #frame-0 .hljs-ln-line[data-line-number='526'] {\n
                background-color: rgba(242, 95, 95, 0.4);\n
            }\n
                    #frame-1 .hljs-ln-line[data-line-number='885'] {\n
                background-color: rgba(242, 95, 95, 0.4);\n
            }\n
                    #frame-2 .hljs-ln-line[data-line-number='39'] {\n
                background-color: rgba(242, 95, 95, 0.4);\n
            }\n
                    #frame-3 .hljs-ln-line[data-line-number='123'] {\n
                background-color: rgba(242, 95, 95, 0.4);\n
            }\n
                    #frame-4 .hljs-ln-line[data-line-number='124'] {\n
                background-color: rgba(242, 95, 95, 0.4);\n
            }\n
                    #frame-5 .hljs-ln-line[data-line-number='57'] {\n
                background-color: rgba(242, 95, 95, 0.4);\n
            }\n
                    #frame-6 .hljs-ln-line[data-line-number='22'] {\n
                background-color: rgba(242, 95, 95, 0.4);\n
            }\n
                    #frame-7 .hljs-ln-line[data-line-number='76'] {\n
                background-color: rgba(242, 95, 95, 0.4);\n
            }\n
                    #frame-8 .hljs-ln-line[data-line-number='10'] {\n
                background-color: rgba(242, 95, 95, 0.4);\n
            }\n
                    #frame-9 .hljs-ln-line[data-line-number='208'] {\n
                background-color: rgba(242, 95, 95, 0.4);\n
            }\n
                    #frame-10 .hljs-ln-line[data-line-number='191'] {\n
                background-color: rgba(242, 95, 95, 0.4);\n
            }\n
                    #frame-11 .hljs-ln-line[data-line-number='160'] {\n
                background-color: rgba(242, 95, 95, 0.4);\n
            }\n
                    #frame-12 .hljs-ln-line[data-line-number='78'] {\n
                background-color: rgba(242, 95, 95, 0.4);\n
            }\n
                    #frame-13 .hljs-ln-line[data-line-number='34'] {\n
                background-color: rgba(242, 95, 95, 0.4);\n
            }\n
                    #frame-14 .hljs-ln-line[data-line-number='925'] {\n
                background-color: rgba(242, 95, 95, 0.4);\n
            }\n
                    #frame-15 .hljs-ln-line[data-line-number='892'] {\n
                background-color: rgba(242, 95, 95, 0.4);\n
            }\n
                    #frame-16 .hljs-ln-line[data-line-number='807'] {\n
                background-color: rgba(242, 95, 95, 0.4);\n
            }\n
                    #frame-17 .hljs-ln-line[data-line-number='169'] {\n
                background-color: rgba(242, 95, 95, 0.4);\n
            }\n
                    #frame-18 .hljs-ln-line[data-line-number='28'] {\n
                background-color: rgba(242, 95, 95, 0.4);\n
            }\n
                    #frame-19 .hljs-ln-line[data-line-number='208'] {\n
                background-color: rgba(242, 95, 95, 0.4);\n
            }\n
                    #frame-20 .hljs-ln-line[data-line-number='59'] {\n
                background-color: rgba(242, 95, 95, 0.4);\n
            }\n
                    #frame-21 .hljs-ln-line[data-line-number='208'] {\n
                background-color: rgba(242, 95, 95, 0.4);\n
            }\n
                    #frame-22 .hljs-ln-line[data-line-number='22'] {\n
                background-color: rgba(242, 95, 95, 0.4);\n
            }\n
                    #frame-23 .hljs-ln-line[data-line-number='208'] {\n
                background-color: rgba(242, 95, 95, 0.4);\n
            }\n
                    #frame-24 .hljs-ln-line[data-line-number='37'] {\n
                background-color: rgba(242, 95, 95, 0.4);\n
            }\n
                    #frame-25 .hljs-ln-line[data-line-number='208'] {\n
                background-color: rgba(242, 95, 95, 0.4);\n
            }\n
                    #frame-26 .hljs-ln-line[data-line-number='50'] {\n
                background-color: rgba(242, 95, 95, 0.4);\n
            }\n
                    #frame-27 .hljs-ln-line[data-line-number='208'] {\n
                background-color: rgba(242, 95, 95, 0.4);\n
            }\n
                    #frame-28 .hljs-ln-line[data-line-number='87'] {\n
                background-color: rgba(242, 95, 95, 0.4);\n
            }\n
                    #frame-29 .hljs-ln-line[data-line-number='208'] {\n
                background-color: rgba(242, 95, 95, 0.4);\n
            }\n
                    #frame-30 .hljs-ln-line[data-line-number='48'] {\n
                background-color: rgba(242, 95, 95, 0.4);\n
            }\n
                    #frame-31 .hljs-ln-line[data-line-number='208'] {\n
                background-color: rgba(242, 95, 95, 0.4);\n
            }\n
                    #frame-32 .hljs-ln-line[data-line-number='120'] {\n
                background-color: rgba(242, 95, 95, 0.4);\n
            }\n
                    #frame-33 .hljs-ln-line[data-line-number='63'] {\n
                background-color: rgba(242, 95, 95, 0.4);\n
            }\n
                    #frame-34 .hljs-ln-line[data-line-number='208'] {\n
                background-color: rgba(242, 95, 95, 0.4);\n
            }\n
                    #frame-35 .hljs-ln-line[data-line-number='36'] {\n
                background-color: rgba(242, 95, 95, 0.4);\n
            }\n
                    #frame-36 .hljs-ln-line[data-line-number='208'] {\n
                background-color: rgba(242, 95, 95, 0.4);\n
            }\n
                    #frame-37 .hljs-ln-line[data-line-number='74'] {\n
                background-color: rgba(242, 95, 95, 0.4);\n
            }\n
                    #frame-38 .hljs-ln-line[data-line-number='208'] {\n
                background-color: rgba(242, 95, 95, 0.4);\n
            }\n
                    #frame-39 .hljs-ln-line[data-line-number='126'] {\n
                background-color: rgba(242, 95, 95, 0.4);\n
            }\n
                    #frame-40 .hljs-ln-line[data-line-number='807'] {\n
                background-color: rgba(242, 95, 95, 0.4);\n
            }\n
                    #frame-41 .hljs-ln-line[data-line-number='786'] {\n
                background-color: rgba(242, 95, 95, 0.4);\n
            }\n
                    #frame-42 .hljs-ln-line[data-line-number='750'] {\n
                background-color: rgba(242, 95, 95, 0.4);\n
            }\n
                    #frame-43 .hljs-ln-line[data-line-number='739'] {\n
                background-color: rgba(242, 95, 95, 0.4);\n
            }\n
                    #frame-44 .hljs-ln-line[data-line-number='200'] {\n
                background-color: rgba(242, 95, 95, 0.4);\n
            }\n
                    #frame-45 .hljs-ln-line[data-line-number='169'] {\n
                background-color: rgba(242, 95, 95, 0.4);\n
            }\n
                    #frame-46 .hljs-ln-line[data-line-number='19'] {\n
                background-color: rgba(242, 95, 95, 0.4);\n
            }\n
                    #frame-47 .hljs-ln-line[data-line-number='208'] {\n
                background-color: rgba(242, 95, 95, 0.4);\n
            }\n
                    #frame-48 .hljs-ln-line[data-line-number='59'] {\n
                background-color: rgba(242, 95, 95, 0.4);\n
            }\n
                    #frame-49 .hljs-ln-line[data-line-number='208'] {\n
                background-color: rgba(242, 95, 95, 0.4);\n
            }\n
                    #frame-50 .hljs-ln-line[data-line-number='21'] {\n
                background-color: rgba(242, 95, 95, 0.4);\n
            }\n
                    #frame-51 .hljs-ln-line[data-line-number='31'] {\n
                background-color: rgba(242, 95, 95, 0.4);\n
            }\n
                    #frame-52 .hljs-ln-line[data-line-number='208'] {\n
                background-color: rgba(242, 95, 95, 0.4);\n
            }\n
                    #frame-53 .hljs-ln-line[data-line-number='21'] {\n
                background-color: rgba(242, 95, 95, 0.4);\n
            }\n
                    #frame-54 .hljs-ln-line[data-line-number='51'] {\n
                background-color: rgba(242, 95, 95, 0.4);\n
            }\n
                    #frame-55 .hljs-ln-line[data-line-number='208'] {\n
                background-color: rgba(242, 95, 95, 0.4);\n
            }\n
                    #frame-56 .hljs-ln-line[data-line-number='27'] {\n
                background-color: rgba(242, 95, 95, 0.4);\n
            }\n
                    #frame-57 .hljs-ln-line[data-line-number='208'] {\n
                background-color: rgba(242, 95, 95, 0.4);\n
            }\n
                    #frame-58 .hljs-ln-line[data-line-number='109'] {\n
                background-color: rgba(242, 95, 95, 0.4);\n
            }\n
                    #frame-59 .hljs-ln-line[data-line-number='208'] {\n
                background-color: rgba(242, 95, 95, 0.4);\n
            }\n
                    #frame-60 .hljs-ln-line[data-line-number='48'] {\n
                background-color: rgba(242, 95, 95, 0.4);\n
            }\n
                    #frame-61 .hljs-ln-line[data-line-number='208'] {\n
                background-color: rgba(242, 95, 95, 0.4);\n
            }\n
                    #frame-62 .hljs-ln-line[data-line-number='58'] {\n
                background-color: rgba(242, 95, 95, 0.4);\n
            }\n
                    #frame-63 .hljs-ln-line[data-line-number='208'] {\n
                background-color: rgba(242, 95, 95, 0.4);\n
            }\n
                    #frame-64 .hljs-ln-line[data-line-number='22'] {\n
                background-color: rgba(242, 95, 95, 0.4);\n
            }\n
                    #frame-65 .hljs-ln-line[data-line-number='208'] {\n
                background-color: rgba(242, 95, 95, 0.4);\n
            }\n
                    #frame-66 .hljs-ln-line[data-line-number='26'] {\n
                background-color: rgba(242, 95, 95, 0.4);\n
            }\n
                    #frame-67 .hljs-ln-line[data-line-number='208'] {\n
                background-color: rgba(242, 95, 95, 0.4);\n
            }\n
                    #frame-68 .hljs-ln-line[data-line-number='126'] {\n
                background-color: rgba(242, 95, 95, 0.4);\n
            }\n
                    #frame-69 .hljs-ln-line[data-line-number='175'] {\n
                background-color: rgba(242, 95, 95, 0.4);\n
            }\n
                    #frame-70 .hljs-ln-line[data-line-number='144'] {\n
                background-color: rgba(242, 95, 95, 0.4);\n
            }\n
                    #frame-71 .hljs-ln-line[data-line-number='607'] {\n
                background-color: rgba(242, 95, 95, 0.4);\n
            }\n
                    #frame-72 .hljs-ln-line[data-line-number='368'] {\n
                background-color: rgba(242, 95, 95, 0.4);\n
            }\n
                    #frame-73 .hljs-ln-line[data-line-number='88'] {\n
                background-color: rgba(242, 95, 95, 0.4);\n
            }\n
                    #frame-74 .hljs-ln-line[data-line-number='1240'] {\n
                background-color: rgba(242, 95, 95, 0.4);\n
            }\n
                    #frame-75 .hljs-ln-line[data-line-number='514'] {\n
                background-color: rgba(242, 95, 95, 0.4);\n
            }\n
                    #frame-76 .hljs-ln-line[data-line-number='87'] {\n
                background-color: rgba(242, 95, 95, 0.4);\n
            }\n
                    #frame-77 .hljs-ln-line[data-line-number='361'] {\n
                background-color: rgba(242, 95, 95, 0.4);\n
            }\n
                    #frame-78 .hljs-ln-line[data-line-number='369'] {\n
                background-color: rgba(242, 95, 95, 0.4);\n
            }\n
                    #frame-79 .hljs-ln-line[data-line-number='369'] {\n
                background-color: rgba(242, 95, 95, 0.4);\n
            }\n
                    #frame-80 .hljs-ln-line[data-line-number='369'] {\n
                background-color: rgba(242, 95, 95, 0.4);\n
            }\n
                    #frame-81 .hljs-ln-line[data-line-number='64'] {\n
                background-color: rgba(242, 95, 95, 0.4);\n
            }\n
                    #frame-82 .hljs-ln-line[data-line-number='210'] {\n
                background-color: rgba(242, 95, 95, 0.4);\n
            }\n
                    #frame-83 .hljs-ln-line[data-line-number='103'] {\n
                background-color: rgba(242, 95, 95, 0.4);\n
            }\n
                    #frame-84 .hljs-ln-line[data-line-number='184'] {\n
                background-color: rgba(242, 95, 95, 0.4);\n
            }\n
                    #frame-85 .hljs-ln-line[data-line-number='192'] {\n
                background-color: rgba(242, 95, 95, 0.4);\n
            }\n
            \n
\n
\n
    \n
        \n
    \n
        \n
            \n
                \n
                    \n
                        \n
                    \n
                \n
\n
                \n
                    Internal Server Error\n
                \n
            \n
\n
            \n
                \n
\n
    (function () {\n
        const darkStyles = document.querySelector('style[data-theme="dark"]')?.textContent\n
        const lightStyles = document.querySelector('style[data-theme="light"]')?.textContent\n
\n
        const removeStyles = () =&gt; {\n
            document.querySelector('style[data-theme="dark"]')?.remove()\n
            document.querySelector('style[data-theme="light"]')?.remove()\n
        }\n
\n
        removeStyles()\n
\n
        setDarkClass = () =&gt; {\n
            removeStyles()\n
\n
            const isDark = localStorage.theme === 'dark' || (!('theme' in localStorage) &amp;&amp; window.matchMedia('(prefers-color-scheme: dark)').matches)\n
\n
            isDark ? document.documentElement.classList.add('dark') : document.documentElement.classList.remove('dark')\n
\n
            if (isDark) {\n
                document.head.insertAdjacentHTML('beforeend', `${darkStyles}`)\n
            } else {\n
                document.head.insertAdjacentHTML('beforeend', `${lightStyles}`)\n
            }\n
        }\n
\n
        setDarkClass()\n
\n
        window.matchMedia('(prefers-color-scheme: dark)').addEventListener('change', setDarkClass)\n
    })();\n
\n
\n
\n
    \n
        \n
    \n
\n
        \n
    \n
\n
    \n
\n
    \n
        \n
            \n
    \n
\n
            Light\n
        \n
        \n
            \n
    \n
\n
            Dark\n
        \n
        \n
            \n
    \n
\n
            System\n
        \n
    \n
\n
            \n
        \n
    \n
\n
\n
        \n
            \n
                \n
    \n
        \n
            \n
                \n
                    Symfony\Component\Routing\Exception\RouteNotFoundException\n
                \n
                \n
                    RouteNotFoundException\n
                \n
            \n
            \n
                Route [auth::registration.show] not defined.\n
            \n
        \n
\n
        \n
            \n
                \n
                    GET ai-web.test\n
                \n
            \n
            \n
                PHP 8.3.30 — Laravel 12.21.0\n
            \n
        \n
    \n
\n
\n
                \n
    \n
        \n
            \n
    \n
        \n
            \n
                Collapse\n
                Expand\n
                vendor frames\n
\n
                \n
                    \n
    \n
\n
                    \n
  \n
\n
                \n
\n
                \n
                    \n
  \n
\n
                    \n
    \n
\n
                \n
            \n
        \n
\n
        \n
                            \n
                \n
                    \n
                        \n
                            \n
                                \n
                                    Illuminate\Routing\UrlGenerator\n
                                    :526\n
                                \n
                            \n
                            \n
                                route\n
                            \n
                        \n
                    \n
                \n
\n
                                            \n
                \n
                    \n
                        \n
                            \n
                                \n
                                    vendor/laravel/framework/src/Illuminate/Foundation/helpers.php\n
                                    :885\n
                                \n
                            \n
                            \n
                                route\n
                            \n
                        \n
                    \n
                \n
\n
                                                                \n
                    \n
                                                    \n
                                2 vendor frames collapsed\n
                            \n
                                            \n
                \n
                \n
                    \n
                        \n
                            \n
                                \n
                                    resources/views/auth/login.blade.php\n
                                    :39\n
                                \n
                            \n
                            \n
                                require\n
                            \n
                        \n
                    \n
                \n
\n
                                            \n
                \n
                    \n
                        \n
                            \n
                                \n
                                    Illuminate\Filesystem\Filesystem\n
                                    :123\n
                                \n
                            \n
                            \n
                                Illuminate\Filesystem\{closure}\n
                            \n
                        \n
                    \n
                \n
\n
                                            \n
                \n
                    \n
                        \n
                            \n
                                \n
                                    Illuminate\Filesystem\Filesystem\n
                                    :124\n
                                \n
                            \n
                            \n
                                getRequire\n
                            \n
                        \n
                    \n
                \n
\n
                                            \n
                \n
                    \n
                        \n
                            \n
                                \n
                                    Illuminate\View\Engines\PhpEngine\n
                                    :57\n
                                \n
                            \n
                            \n
                                evaluatePath\n
                            \n
                        \n
                    \n
                \n
\n
                                            \n
                \n
                    \n
                        \n
                            \n
                                \n
                                    Livewire\Mechanisms\ExtendBlade\ExtendedCompilerEngine\n
                                    :22\n
                                \n
                            \n
                            \n
                                evaluatePath\n
                            \n
                        \n
                    \n
                \n
\n
                                            \n
                \n
                    \n
                        \n
                            \n
                                \n
                                    Illuminate\View\Engines\CompilerEngine\n
                                    :76\n
                                \n
                            \n
                            \n
                                get\n
                            \n
                        \n
                    \n
                \n
\n
                                            \n
                \n
                    \n
                        \n
                            \n
                                \n
                                    Livewire\Mechanisms\ExtendBlade\ExtendedCompilerEngine\n
                                    :10\n
                                \n
                            \n
                            \n
                                get\n
                            \n
                        \n
                    \n
                \n
\n
                                            \n
                \n
                    \n
                        \n
                            \n
                                \n
                                    Illuminate\View\View\n
                                    :208\n
                                \n
                            \n
                            \n
                                getContents\n
                            \n
                        \n
                    \n
                \n
\n
                                            \n
                \n
                    \n
                        \n
                            \n
                                \n
                                    Illuminate\View\View\n
                                    :191\n
                                \n
                            \n
                            \n
                                renderContents\n
                            \n
                        \n
                    \n
                \n
\n
                                            \n
                \n
                    \n
                        \n
                            \n
                                \n
                                    Illuminate\View\View\n
                                    :160\n
                                \n
                            \n
                            \n
                                render\n
                            \n
                        \n
                    \n
                \n
\n
                                            \n
                \n
                    \n
                        \n
                            \n
                                \n
                                    Illuminate\Http\Response\n
                                    :78\n
                                \n
                            \n
                            \n
                                setContent\n
                            \n
                        \n
                    \n
                \n
\n
                                            \n
                \n
                    \n
                        \n
                            \n
                                \n
                                    Illuminate\Http\Response\n
                                    :34\n
                                \n
                            \n
                            \n
                                __construct\n
                            \n
                        \n
                    \n
                \n
\n
                                            \n
                \n
                    \n
                        \n
                            \n
                                \n
                                    Illuminate\Routing\Router\n
                                    :925\n
                                \n
                            \n
                            \n
                                toResponse\n
                            \n
                        \n
                    \n
                \n
\n
                                            \n
                \n
                    \n
                        \n
                            \n
                                \n
                                    Illuminate\Routing\Router\n
                                    :892\n
                                \n
                            \n
                            \n
                                prepareResponse\n
                            \n
                        \n
                    \n
                \n
\n
                                            \n
                \n
                    \n
                        \n
                            \n
                                \n
                                    Illuminate\Routing\Router\n
                                    :807\n
                                \n
                            \n
                            \n
                                Illuminate\Routing\{closure}\n
                            \n
                        \n
                    \n
                \n
\n
                                            \n
                \n
                    \n
                        \n
                            \n
                                \n
                                    Illuminate\Pipeline\Pipeline\n
                                    :169\n
                                \n
                            \n
                            \n
                                Illuminate\Pipeline\{closure}\n
                            \n
                        \n
                    \n
                \n
\n
                                                                \n
                    \n
                                                    \n
                                15 vendor frames collapsed\n
                            \n
                                            \n
                \n
                \n
                    \n
                        \n
                            \n
                                \n
                                    App\Http\Middleware\RedirectIfAuthenticated\n
                                    :28\n
                                \n
                            \n
                            \n
                                handle\n
                            \n
                        \n
                    \n
                \n
\n
                                            \n
                \n
                    \n
                        \n
                            \n
                                \n
                                    Illuminate\Pipeline\Pipeline\n
                                    :208\n
                                \n
                            \n
                            \n
                                Illuminate\Pipeline\{closure}\n
                            \n
                        \n
                    \n
                \n
\n
                                            \n
                \n
                    \n
                        \n
                            \n
                                \n
                                    Barryvdh\Debugbar\Middleware\InjectDebugbar\n
                                    :59\n
                                \n
                            \n
                            \n
                                handle\n
                            \n
                        \n
                    \n
                \n
\n
                                            \n
                \n
                    \n
                        \n
                            \n
                                \n
                                    Illuminate\Pipeline\Pipeline\n
                                    :208\n
                                \n
                            \n
                            \n
                                Illuminate\Pipeline\{closure}\n
                            \n
                        \n
                    \n
                \n
\n
                                            \n
                \n
                    \n
                        \n
                            \n
                                \n
                                    Laravolt\Middleware\CheckPassword\n
                                    :22\n
                                \n
                            \n
                            \n
                                handle\n
                            \n
                        \n
                    \n
                \n
\n
                                            \n
                \n
                    \n
                        \n
                            \n
                                \n
                                    Illuminate\Pipeline\Pipeline\n
                                    :208\n
                                \n
                            \n
                            \n
                                Illuminate\Pipeline\{closure}\n
                            \n
                        \n
                    \n
                \n
\n
                                            \n
                \n
                    \n
                        \n
                            \n
                                \n
                                    Laravolt\Middleware\DetectFlashMessage\n
                                    :37\n
                                \n
                            \n
                            \n
                                handle\n
                            \n
                        \n
                    \n
                \n
\n
                                            \n
                \n
                    \n
                        \n
                            \n
                                \n
                                    Illuminate\Pipeline\Pipeline\n
                                    :208\n
                                \n
                            \n
                            \n
                                Illuminate\Pipeline\{closure}\n
                            \n
                        \n
                    \n
                \n
\n
                                            \n
                \n
                    \n
                        \n
                            \n
                                \n
                                    Illuminate\Routing\Middleware\SubstituteBindings\n
                                    :50\n
                                \n
                            \n
                            \n
                                handle\n
                            \n
                        \n
                    \n
                \n
\n
                                            \n
                \n
                    \n
                        \n
                            \n
                                \n
                                    Illuminate\Pipeline\Pipeline\n
                                    :208\n
                                \n
                            \n
                            \n
                                Illuminate\Pipeline\{closure}\n
                            \n
                        \n
                    \n
                \n
\n
                                            \n
                \n
                    \n
                        \n
                            \n
                                \n
                                    Illuminate\Foundation\Http\Middleware\VerifyCsrfToken\n
                                    :87\n
                                \n
                            \n
                            \n
                                handle\n
                            \n
                        \n
                    \n
                \n
\n
                                            \n
                \n
                    \n
                        \n
                            \n
                                \n
                                    Illuminate\Pipeline\Pipeline\n
                                    :208\n
                                \n
                            \n
                            \n
                                Illuminate\Pipeline\{closure}\n
                            \n
                        \n
                    \n
                \n
\n
                                            \n
                \n
                    \n
                        \n
                            \n
                                \n
                                    Illuminate\View\Middleware\ShareErrorsFromSession\n
                                    :48\n
                                \n
                            \n
                            \n
                                handle\n
                            \n
                        \n
                    \n
                \n
\n
                                            \n
                \n
                    \n
                        \n
                            \n
                                \n
                                    Illuminate\Pipeline\Pipeline\n
                                    :208\n
                                \n
                            \n
                            \n
                                Illuminate\Pipeline\{closure}\n
                            \n
                        \n
                    \n
                \n
\n
                                            \n
                \n
                    \n
                        \n
                            \n
                                \n
                                    Illuminate\Session\Middleware\StartSession\n
                                    :120\n
                                \n
                            \n
                            \n
                                handleStatefulRequest\n
                            \n
                        \n
                    \n
                \n
\n
                                            \n
                \n
                    \n
                        \n
                            \n
                                \n
                                    Illuminate\Session\Middleware\StartSession\n
                                    :63\n
                                \n
                            \n
                            \n
                                handle\n
                            \n
                        \n
                    \n
                \n
\n
                                            \n
                \n
                    \n
                        \n
                            \n
                                \n
                                    Illuminate\Pipeline\Pipeline\n
                                    :208\n
                                \n
                            \n
                            \n
                                Illuminate\Pipeline\{closure}\n
                            \n
                        \n
                    \n
                \n
\n
                                            \n
                \n
                    \n
                        \n
                            \n
                                \n
                                    Illuminate\Cookie\Middleware\AddQueuedCookiesToResponse\n
                                    :36\n
                                \n
                            \n
                            \n
                                handle\n
                            \n
                        \n
                    \n
                \n
\n
                                            \n
                \n
                    \n
                        \n
                            \n
                                \n
                                    Illuminate\Pipeline\Pipeline\n
                                    :208\n
                                \n
                            \n
                            \n
                                Illuminate\Pipeline\{closure}\n
                            \n
                        \n
                    \n
                \n
\n
                                            \n
                \n
                    \n
                        \n
                            \n
                                \n
                                    Illuminate\Cookie\Middleware\EncryptCookies\n
                                    :74\n
                                \n
                            \n
                            \n
                                handle\n
                            \n
                        \n
                    \n
                \n
\n
                                            \n
                \n
                    \n
                        \n
                            \n
                                \n
                                    Illuminate\Pipeline\Pipeline\n
                                    :208\n
                                \n
                            \n
                            \n
                                Illuminate\Pipeline\{closure}\n
                            \n
                        \n
                    \n
                \n
\n
                                            \n
                \n
                    \n
                        \n
                            \n
                                \n
                                    Illuminate\Pipeline\Pipeline\n
                                    :126\n
                                \n
                            \n
                            \n
                                then\n
                            \n
                        \n
                    \n
                \n
\n
                                            \n
                \n
                    \n
                        \n
                            \n
                                \n
                                    Illuminate\Routing\Router\n
                                    :807\n
                                \n
                            \n
                            \n
                                runRouteWithinStack\n
                            \n
                        \n
                    \n
                \n
\n
                                            \n
                \n
                    \n
                        \n
                            \n
                                \n
                                    Illuminate\Routing\Router\n
                                    :786\n
                                \n
                            \n
                            \n
                                runRoute\n
                            \n
                        \n
                    \n
                \n
\n
                                            \n
                \n
                    \n
                        \n
                            \n
                                \n
                                    Illuminate\Routing\Router\n
                                    :750\n
                                \n
                            \n
                            \n
                                dispatchToRoute\n
                            \n
                        \n
                    \n
                \n
\n
                                            \n
                \n
                    \n
                        \n
                            \n
                                \n
                                    Illuminate\Routing\Router\n
                                    :739\n
                                \n
                            \n
                            \n
                                dispatch\n
                            \n
                        \n
                    \n
                \n
\n
                                            \n
                \n
                    \n
                        \n
                            \n
                                \n
                                    Illuminate\Foundation\Http\Kernel\n
                                    :200\n
                                \n
                            \n
                            \n
                                Illuminate\Foundation\Http\{closure}\n
                            \n
                        \n
                    \n
                \n
\n
                                            \n
                \n
                    \n
                        \n
                            \n
                                \n
                                    Illuminate\Pipeline\Pipeline\n
                                    :169\n
                                \n
                            \n
                            \n
                                Illuminate\Pipeline\{closure}\n
                            \n
                        \n
                    \n
                \n
\n
                                            \n
                \n
                    \n
                        \n
                            \n
                                \n
                                    Livewire\Features\SupportDisablingBackButtonCache\DisableBackButtonCacheMiddleware\n
                                    :19\n
                                \n
                            \n
                            \n
                                handle\n
                            \n
                        \n
                    \n
                \n
\n
                                            \n
                \n
                    \n
                        \n
                            \n
                                \n
                                    Illuminate\Pipeline\Pipeline\n
                                    :208\n
                                \n
                            \n
                            \n
                                Illuminate\Pipeline\{closure}\n
                            \n
                        \n
                    \n
                \n
\n
                                            \n
                \n
                    \n
                        \n
                            \n
                                \n
                                    Barryvdh\Debugbar\Middleware\InjectDebugbar\n
                                    :59\n
                                \n
                            \n
                            \n
                                handle\n
                            \n
                        \n
                    \n
                \n
\n
                                            \n
                \n
                    \n
                        \n
                            \n
                                \n
                                    Illuminate\Pipeline\Pipeline\n
                                    :208\n
                                \n
                            \n
                            \n
                                Illuminate\Pipeline\{closure}\n
                            \n
                        \n
                    \n
                \n
\n
                                            \n
                \n
                    \n
                        \n
                            \n
                                \n
                                    Illuminate\Foundation\Http\Middleware\TransformsRequest\n
                                    :21\n
                                \n
                            \n
                            \n
                                handle\n
                            \n
                        \n
                    \n
                \n
\n
                                            \n
                \n
                    \n
                        \n
                            \n
                                \n
                                    Illuminate\Foundation\Http\Middleware\ConvertEmptyStringsToNull\n
                                    :31\n
                                \n
                            \n
                            \n
                                handle\n
                            \n
                        \n
                    \n
                \n
\n
                                            \n
                \n
                    \n
                        \n
                            \n
                                \n
                                    Illuminate\Pipeline\Pipeline\n
                                    :208\n
                                \n
                            \n
                            \n
                                Illuminate\Pipeline\{closure}\n
                            \n
                        \n
                    \n
                \n
\n
                                            \n
                \n
                    \n
                        \n
                            \n
                                \n
                                    Illuminate\Foundation\Http\Middleware\TransformsRequest\n
                                    :21\n
                                \n
                            \n
                            \n
                                handle\n
                            \n
                        \n
                    \n
                \n
\n
                                            \n
                \n
                    \n
                        \n
                            \n
                                \n
                                    Illuminate\Foundation\Http\Middleware\TrimStrings\n
                                    :51\n
                                \n
                            \n
                            \n
                                handle\n
                            \n
                        \n
                    \n
                \n
\n
                                            \n
                \n
                    \n
                        \n
                            \n
                                \n
                                    Illuminate\Pipeline\Pipeline\n
                                    :208\n
                                \n
                            \n
                            \n
                                Illuminate\Pipeline\{closure}\n
                            \n
                        \n
                    \n
                \n
\n
                                            \n
                \n
                    \n
                        \n
                            \n
                                \n
                                    Illuminate\Http\Middleware\ValidatePostSize\n
                                    :27\n
                                \n
                            \n
                            \n
                                handle\n
                            \n
                        \n
                    \n
                \n
\n
                                            \n
                \n
                    \n
                        \n
                            \n
                                \n
                                    Illuminate\Pipeline\Pipeline\n
                                    :208\n
                                \n
                            \n
                            \n
                                Illuminate\Pipeline\{closure}\n
                            \n
                        \n
                    \n
                \n
\n
                                            \n
                \n
                    \n
                        \n
                            \n
                                \n
                                    Illuminate\Foundation\Http\Middleware\PreventRequestsDuringMaintenance\n
                                    :109\n
                                \n
                            \n
                            \n
                                handle\n
                            \n
                        \n
                    \n
                \n
\n
                                            \n
                \n
                    \n
                        \n
                            \n
                                \n
                                    Illuminate\Pipeline\Pipeline\n
                                    :208\n
                                \n
                            \n
                            \n
                                Illuminate\Pipeline\{closure}\n
                            \n
                        \n
                    \n
                \n
\n
                                            \n
                \n
                    \n
                        \n
                            \n
                                \n
                                    Illuminate\Http\Middleware\HandleCors\n
                                    :48\n
                                \n
                            \n
                            \n
                                handle\n
                            \n
                        \n
                    \n
                \n
\n
                                            \n
                \n
                    \n
                        \n
                            \n
[...]
#80 /home/haizim/me/project/ai-web/vendor/pestphp/pest/bin/pest(184): Pest\Kernel-&gt;handle()
#81 /home/haizim/me/project/ai-web/vendor/pestphp/pest/bin/pest(192): {closure}()
#82 {main}

----------------------------------------------------------------------------------

Route [auth::registration.show] not defined. (View: /home/haizim/me/project/ai-web/resources/views/auth/login.blade.php)

at vendor/laravel/framework/src/Illuminate/Testing/TestResponseAssert.php:45
at vendor/laravel/framework/src/Illuminate/Testing/TestResponse.php:746
at tests/Feature/Auth/LoginTest.php:89</failure>
        </testcase>
        <testcase name="It does not have register link" file="Login (Tests\Feature\Auth\Login)::It does not have register link" class="Tests\Feature\Auth\LoginTest" classname="Tests.Feature.Auth.LoginTest" assertions="1" time="0.336856"/>
        <testcase name="It has forgot password link" file="Login (Tests\Feature\Auth\Login)::It has forgot password link" class="Tests\Feature\Auth\LoginTest" classname="Tests.Feature.Auth.LoginTest" assertions="1" time="0.360440"/>
        <testcase name="Ensure rate limiter" file="Login (Tests\Feature\Auth\Login)::Ensure rate limiter" class="Tests\Feature\Auth\LoginTest" classname="Tests.Feature.Auth.LoginTest" assertions="2" time="1.376279"/>
      </testsuite>
      <testsuite name="Tests\Feature\Auth\LogoutTest" file="Logout (Tests\Feature\Auth\Logout)" tests="1" assertions="2" errors="0" failures="0" skipped="0" time="0.331096">
        <testcase name="It can logout" file="Logout (Tests\Feature\Auth\Logout)::It can logout" class="Tests\Feature\Auth\LogoutTest" classname="Tests.Feature.Auth.LogoutTest" assertions="2" time="0.331096"/>
      </testsuite>
      <testsuite name="Tests\Feature\Auth\RedirectToHomeTest" file="Redirect To Home (Tests\Feature\Auth\RedirectToHome)" tests="1" assertions="2" errors="0" failures="0" skipped="0" time="0.335209">
        <testcase name="It can redirected to home" file="Redirect To Home (Tests\Feature\Auth\RedirectToHome)::It can redirected to home" class="Tests\Feature\Auth\RedirectToHomeTest" classname="Tests.Feature.Auth.RedirectToHomeTest" assertions="2" time="0.335209"/>
      </testsuite>
      <testsuite name="Tests\Feature\Auth\RegistrationTest" file="Registration (Tests\Feature\Auth\Registration)" tests="5" assertions="0" errors="5" failures="0" skipped="0" time="1.622891">
        <testcase name="It can display registration page" file="Registration (Tests\Feature\Auth\Registration)::It can display registration page" class="Tests\Feature\Auth\RegistrationTest" classname="Tests.Feature.Auth.RegistrationTest" assertions="0" time="0.313694">
          <error type="Symfony\Component\Routing\Exception\RouteNotFoundException">It can display registration pageSymfony\Component\Routing\Exception\RouteNotFoundException: Route [auth::registration.show] not defined.
at vendor/laravel/framework/src/Illuminate/Routing/UrlGenerator.php:526
at vendor/laravel/framework/src/Illuminate/Foundation/helpers.php:885
at tests/Feature/Auth/RegistrationTest.php:21</error>
        </testcase>
        <testcase name="It can handle correct registration" file="Registration (Tests\Feature\Auth\Registration)::It can handle correct registration" class="Tests\Feature\Auth\RegistrationTest" classname="Tests.Feature.Auth.RegistrationTest" assertions="0" time="0.323194">
          <error type="Symfony\Component\Routing\Exception\RouteNotFoundException">It can handle correct registrationSymfony\Component\Routing\Exception\RouteNotFoundException: Route [auth::registration.store] not defined.
at vendor/laravel/framework/src/Illuminate/Routing/UrlGenerator.php:526
at vendor/laravel/framework/src/Illuminate/Foundation/helpers.php:885
at tests/Feature/Auth/RegistrationTest.php:38</error>
        </testcase>
        <testcase name="It can handle correct registration with activation" file="Registration (Tests\Feature\Auth\Registration)::It can handle correct registration with activation" class="Tests\Feature\Auth\RegistrationTest" classname="Tests.Feature.Auth.RegistrationTest" assertions="0" time="0.328299">
          <error type="Symfony\Component\Routing\Exception\RouteNotFoundException">It can handle correct registration with activationSymfony\Component\Routing\Exception\RouteNotFoundException: Route [auth::registration.store] not defined.
at vendor/laravel/framework/src/Illuminate/Routing/UrlGenerator.php:526
at vendor/laravel/framework/src/Illuminate/Foundation/helpers.php:885
at tests/Feature/Auth/RegistrationTest.php:58</error>
        </testcase>
        <testcase name="It can auto verify email" file="Registration (Tests\Feature\Auth\Registration)::It can auto verify email" class="Tests\Feature\Auth\RegistrationTest" classname="Tests.Feature.Auth.RegistrationTest" assertions="0" time="0.322816">
          <error type="Symfony\Component\Routing\Exception\RouteNotFoundException">It can auto verify emailSymfony\Component\Routing\Exception\RouteNotFoundException: Route [auth::registration.store] not defined.
at vendor/laravel/framework/src/Illuminate/Routing/UrlGenerator.php:526
at vendor/laravel/framework/src/Illuminate/Foundation/helpers.php:885
at tests/Feature/Auth/RegistrationTest.php:81</error>
        </testcase>
        <testcase name="It has errors if failed" file="Registration (Tests\Feature\Auth\Registration)::It has errors if failed" class="Tests\Feature\Auth\RegistrationTest" classname="Tests.Feature.Auth.RegistrationTest" assertions="0" time="0.334889">
          <error type="Symfony\Component\Routing\Exception\RouteNotFoundException">It has errors if failedSymfony\Component\Routing\Exception\RouteNotFoundException: Route [auth::registration.store] not defined.
at vendor/laravel/framework/src/Illuminate/Routing/UrlGenerator.php:526
at vendor/laravel/framework/src/Illuminate/Foundation/helpers.php:885
at tests/Feature/Auth/RegistrationTest.php:94</error>
        </testcase>
      </testsuite>
      <testsuite name="Tests\Feature\Auth\ResetPasswordTest" file="Reset Password (Tests\Feature\Auth\ResetPassword)" tests="4" assertions="12" errors="0" failures="0" skipped="0" time="1.379043">
        <testcase name="It can display page" file="Reset Password (Tests\Feature\Auth\ResetPassword)::It can display page" class="Tests\Feature\Auth\ResetPasswordTest" classname="Tests.Feature.Auth.ResetPasswordTest" assertions="4" time="0.349878"/>
        <testcase name="It can reset password" file="Reset Password (Tests\Feature\Auth\ResetPassword)::It can reset password" class="Tests\Feature\Auth\ResetPasswordTest" classname="Tests.Feature.Auth.ResetPasswordTest" assertions="2" time="0.347252"/>
        <testcase name="It can handle failed passwor reset" file="Reset Password (Tests\Feature\Auth\ResetPassword)::It can handle failed passwor reset" class="Tests\Feature\Auth\ResetPasswordTest" classname="Tests.Feature.Auth.ResetPasswordTest" assertions="5" time="0.347735"/>
        <testcase name="It has errors if failed" file="Reset Password (Tests\Feature\Auth\ResetPassword)::It has errors if failed" class="Tests\Feature\Auth\ResetPasswordTest" classname="Tests.Feature.Auth.ResetPasswordTest" assertions="1" time="0.334178"/>
      </testsuite>
      <testsuite name="Tests\Feature\Auth\VerificationTest" file="Verification (Tests\Feature\Auth\Verification)" tests="7" assertions="0" errors="7" failures="0" skipped="0" time="2.269580">
        <testcase name="It can visit verification page" file="Verification (Tests\Feature\Auth\Verification)::It can visit verification page" class="Tests\Feature\Auth\VerificationTest" classname="Tests.Feature.Auth.VerificationTest" assertions="0" time="0.321202">
          <error type="Symfony\Component\Routing\Exception\RouteNotFoundException">It can visit verification pageSymfony\Component\Routing\Exception\RouteNotFoundException: Route [verification.notice] not defined.
at vendor/laravel/framework/src/Illuminate/Routing/UrlGenerator.php:526
at vendor/laravel/framework/src/Illuminate/Foundation/helpers.php:885
at tests/Feature/Auth/VerificationTest.php:30</error>
        </testcase>
        <testcase name="It cannot visit verification page if already verified" file="Verification (Tests\Feature\Auth\Verification)::It cannot visit verification page if already verified" class="Tests\Feature\Auth\VerificationTest" classname="Tests.Feature.Auth.VerificationTest" assertions="0" time="0.331888">
          <error type="Symfony\Component\Routing\Exception\RouteNotFoundException">It cannot visit verification page if already verifiedSymfony\Component\Routing\Exception\RouteNotFoundException: Route [verification.notice] not defined.
at vendor/laravel/framework/src/Illuminate/Routing/UrlGenerator.php:526
at vendor/laravel/framework/src/Illuminate/Foundation/helpers.php:885
at tests/Feature/Auth/VerificationTest.php:40</error>
        </testcase>
        <testcase name="It can resend verification email" file="Verification (Tests\Feature\Auth\Verification)::It can resend verification email" class="Tests\Feature\Auth\VerificationTest" classname="Tests.Feature.Auth.VerificationTest" assertions="0" time="0.326370">
          <error type="Symfony\Component\Routing\Exception\RouteNotFoundException">It can resend verification emailSymfony\Component\Routing\Exception\RouteNotFoundException: Route [verification.send] not defined.
at vendor/laravel/framework/src/Illuminate/Routing/UrlGenerator.php:526
at vendor/laravel/framework/src/Illuminate/Foundation/helpers.php:885
at tests/Feature/Auth/VerificationTest.php:50</error>
        </testcase>
        <testcase name="It cannot resend verification email if already verified" file="Verification (Tests\Feature\Auth\Verification)::It cannot resend verification email if already verified" class="Tests\Feature\Auth\VerificationTest" classname="Tests.Feature.Auth.VerificationTest" assertions="0" time="0.315899">
          <error type="Symfony\Component\Routing\Exception\RouteNotFoundException">It cannot resend verification email if already verifiedSymfony\Component\Routing\Exception\RouteNotFoundException: Route [verification.send] not defined.
at vendor/laravel/framework/src/Illuminate/Routing/UrlGenerator.php:526
at vendor/laravel/framework/src/Illuminate/Foundation/helpers.php:885
at tests/Feature/Auth/VerificationTest.php:61</error>
        </testcase>
        <testcase name="It can verify email" file="Verification (Tests\Feature\Auth\Verification)::It can verify email" class="Tests\Feature\Auth\VerificationTest" classname="Tests.Feature.Auth.VerificationTest" assertions="0" time="0.329996">
          <error type="Symfony\Component\Routing\Exception\RouteNotFoundException">It can verify emailSymfony\Component\Routing\Exception\RouteNotFoundException: Route [verification.verify] not defined.
at vendor/laravel/framework/src/Illuminate/Routing/UrlGenerator.php:526
at vendor/laravel/framework/src/Illuminate/Foundation/helpers.php:885
at tests/Feature/Auth/VerificationTest.php:76</error>
        </testcase>
        <testcase name="It cannot verify email if already verified" file="Verification (Tests\Feature\Auth\Verification)::It cannot verify email if already verified" class="Tests\Feature\Auth\VerificationTest" classname="Tests.Feature.Auth.VerificationTest" assertions="0" time="0.327900">
          <error type="Symfony\Component\Routing\Exception\RouteNotFoundException">It cannot verify email if already verifiedSymfony\Component\Routing\Exception\RouteNotFoundException: Route [verification.verify] not defined.
at vendor/laravel/framework/src/Illuminate/Routing/UrlGenerator.php:526
at vendor/laravel/framework/src/Illuminate/Foundation/helpers.php:885
at tests/Feature/Auth/VerificationTest.php:91</error>
        </testcase>
        <testcase name="Validate user model concerns" file="Verification (Tests\Feature\Auth\Verification)::Validate user model concerns" class="Tests\Feature\Auth\VerificationTest" classname="Tests.Feature.Auth.VerificationTest" assertions="0" time="0.316325">
          <error type="Symfony\Component\Routing\Exception\RouteNotFoundException">Validate user model concernsSymfony\Component\Routing\Exception\RouteNotFoundException: Route [verification.send] not defined.
at vendor/laravel/framework/src/Illuminate/Routing/UrlGenerator.php:526
at vendor/laravel/framework/src/Illuminate/Foundation/helpers.php:885
at tests/Feature/Auth/VerificationTest.php:100</error>
        </testcase>
      </testsuite>
      <testsuite name="Tests\Feature\AuthenticateMiddlewareTest" file="Authenticate Middleware (Tests\Feature\AuthenticateMiddleware)" tests="2" assertions="3" errors="0" failures="0" skipped="0" time="0.654647">
        <testcase name="Redirect to login" file="Authenticate Middleware (Tests\Feature\AuthenticateMiddleware)::Redirect to login" class="Tests\Feature\AuthenticateMiddlewareTest" classname="Tests.Feature.AuthenticateMiddlewareTest" assertions="2" time="0.329355"/>
        <testcase name="Return nothing" file="Authenticate Middleware (Tests\Feature\AuthenticateMiddleware)::Return nothing" class="Tests\Feature\AuthenticateMiddlewareTest" classname="Tests.Feature.AuthenticateMiddlewareTest" assertions="1" time="0.325292"/>
      </testsuite>
      <testsuite name="Tests\Feature\ExampleTest" file="Example (Tests\Feature\Example)" tests="1" assertions="1" errors="0" failures="0" skipped="0" time="0.335768">
        <testcase name="The application returns a successful response" file="Example (Tests\Feature\Example)::The application returns a successful response" class="Tests\Feature\ExampleTest" classname="Tests.Feature.ExampleTest" assertions="1" time="0.335768"/>
      </testsuite>
      <testsuite name="Tests\Feature\ExceptionHandlerTest" file="Exception Handler (Tests\Feature\ExceptionHandler)" tests="1" assertions="4" errors="0" failures="0" skipped="0" time="0.359067">
        <testcase name="It can handle authorization exception" file="Exception Handler (Tests\Feature\ExceptionHandler)::It can handle authorization exception" class="Tests\Feature\ExceptionHandlerTest" classname="Tests.Feature.ExceptionHandlerTest" assertions="4" time="0.359067"/>
      </testsuite>
      <testsuite name="Tests\Feature\My\MyPasswordTest" file="My Password (Tests\Feature\My\MyPassword)" tests="3" assertions="11" errors="0" failures="0" skipped="0" time="1.053969">
        <testcase name="It can visit my password page" file="My Password (Tests\Feature\My\MyPassword)::It can visit my password page" class="Tests\Feature\My\MyPasswordTest" classname="Tests.Feature.My.MyPasswordTest" assertions="4" time="0.373026"/>
        <testcase name="It can update my password" file="My Password (Tests\Feature\My\MyPassword)::It can update my password" class="Tests\Feature\My\MyPasswordTest" classname="Tests.Feature.My.MyPasswordTest" assertions="4" time="0.344518"/>
        <testcase name="It can handle wrong current password" file="My Password (Tests\Feature\My\MyPassword)::It can handle wrong current password" class="Tests\Feature\My\MyPasswordTest" classname="Tests.Feature.My.MyPasswordTest" assertions="3" time="0.336425"/>
      </testsuite>
      <testsuite name="Tests\Feature\My\MyProfileTest" file="My Profile (Tests\Feature\My\MyProfile)" tests="3" assertions="11" errors="0" failures="0" skipped="0" time="1.085872">
        <testcase name="It can visit my profile page" file="My Profile (Tests\Feature\My\MyProfile)::It can visit my profile page" class="Tests\Feature\My\MyProfileTest" classname="Tests.Feature.My.MyProfileTest" assertions="4" time="0.367011"/>
        <testcase name="It can update my profile" file="My Profile (Tests\Feature\My\MyProfile)::It can update my profile" class="Tests\Feature\My\MyProfileTest" classname="Tests.Feature.My.MyProfileTest" assertions="4" time="0.382207"/>
        <testcase name="It can handle wrong current password" file="My Profile (Tests\Feature\My\MyProfile)::It can handle wrong current password" class="Tests\Feature\My\MyProfileTest" classname="Tests.Feature.My.MyProfileTest" assertions="3" time="0.336654"/>
      </testsuite>
      <testsuite name="Tests\Feature\Password\CanChangePasswordTest" file="Can Change Password (Tests\Feature\Password\CanChangePassword)" tests="4" assertions="10" errors="0" failures="0" skipped="0" time="1.314413">
        <testcase name="Password changed at filled" file="Can Change Password (Tests\Feature\Password\CanChangePassword)::Password changed at filled" class="Tests\Feature\Password\CanChangePasswordTest" classname="Tests.Feature.Password.CanChangePasswordTest" assertions="1" time="0.320570"/>
        <testcase name="Can change password" file="Can Change Password (Tests\Feature\Password\CanChangePassword)::Can change password" class="Tests\Feature\Password\CanChangePasswordTest" classname="Tests.Feature.Password.CanChangePasswordTest" assertions="3" time="0.328024"/>
        <testcase name="Password must be changed" file="Can Change Password (Tests\Feature\Password\CanChangePassword)::Password must be changed" class="Tests\Feature\Password\CanChangePasswordTest" classname="Tests.Feature.Password.CanChangePasswordTest" assertions="4" time="0.334444"/>
        <testcase name="Password must be changed duration" file="Can Change Password (Tests\Feature\Password\CanChangePassword)::Password must be changed duration" class="Tests\Feature\Password\CanChangePasswordTest" classname="Tests.Feature.Password.CanChangePasswordTest" assertions="2" time="0.331374"/>
      </testsuite>
      <testsuite name="Tests\Feature\Style\StyleControllerTest" file="tests/Feature/Style/StyleControllerTest.php" tests="8" assertions="16" errors="0" failures="0" skipped="0" time="2.849033">
        <testcase name="it can access styles index with view permission" file="tests/Feature/Style/StyleControllerTest.php::it can access styles index with view permission" class="Tests\Feature\Style\StyleControllerTest" classname="Tests.Feature.Style.StyleControllerTest" assertions="1" time="0.380910"/>
        <testcase name="it cannot access styles index without view permission" file="tests/Feature/Style/StyleControllerTest.php::it cannot access styles index without view permission" class="Tests\Feature\Style\StyleControllerTest" classname="Tests.Feature.Style.StyleControllerTest" assertions="1" time="0.347734"/>
        <testcase name="it can access styles create with manage permission" file="tests/Feature/Style/StyleControllerTest.php::it can access styles create with manage permission" class="Tests\Feature\Style\StyleControllerTest" classname="Tests.Feature.Style.StyleControllerTest" assertions="1" time="0.364060"/>
        <testcase name="it can store a style" file="tests/Feature/Style/StyleControllerTest.php::it can store a style" class="Tests\Feature\Style\StyleControllerTest" classname="Tests.Feature.Style.StyleControllerTest" assertions="3" time="0.341744"/>
        <testcase name="it can display style detail" file="tests/Feature/Style/StyleControllerTest.php::it can display style detail" class="Tests\Feature\Style\StyleControllerTest" classname="Tests.Feature.Style.StyleControllerTest" assertions="2" time="0.363851"/>
        <testcase name="it can display style edit page" file="tests/Feature/Style/StyleControllerTest.php::it can display style edit page" class="Tests\Feature\Style\StyleControllerTest" classname="Tests.Feature.Style.StyleControllerTest" assertions="2" time="0.365765"/>
        <testcase name="it can update a style" file="tests/Feature/Style/StyleControllerTest.php::it can update a style" class="Tests\Feature\Style\StyleControllerTest" classname="Tests.Feature.Style.StyleControllerTest" assertions="3" time="0.335288"/>
        <testcase name="it can delete a style" file="tests/Feature/Style/StyleControllerTest.php::it can delete a style" class="Tests\Feature\Style\StyleControllerTest" classname="Tests.Feature.Style.StyleControllerTest" assertions="3" time="0.349681"/>
      </testsuite>
    </testsuite>
  </testsuite>
</testsuites>
